[07:45:00] [main/INFO]: Setting user: Player9
[07:45:02] [Client thread/INFO]: LWJGL Version: 2.9.1
[07:45:06] [Client thread/INFO]: Reloading ResourceManager: Default, FMLFileResourcePack:Forge Mod Loader, FMLFileResourcePack:Minecraft Forge, FMLFileResourcePack:Not Enough Items, FMLFileResourcePack:Industrial Breakout
[07:45:08] [Sound Library Loader/INFO]: Sound engine started
[07:45:09] [Client thread/INFO]: Created: 512x256 textures/blocks-atlas
[07:45:09] [Client thread/INFO]: Created: 256x256 textures/items-atlas
[07:45:09] [Client thread/INFO]: Reloading ResourceManager: Default, FMLFileResourcePack:Forge Mod Loader, FMLFileResourcePack:Minecraft Forge, FMLFileResourcePack:Not Enough Items, FMLFileResourcePack:Industrial Breakout
[07:45:10] [Client thread/INFO]: Created: 512x256 textures/blocks-atlas
[07:45:10] [Client thread/ERROR]: Using missing texture, unable to load minecraft:textures/items/MISSING_ICON_ITEM_4113_debugTool.png
java.io.FileNotFoundException: minecraft:textures/items/MISSING_ICON_ITEM_4113_debugTool.png
	at net.minecraft.client.resources.FallbackResourceManager.getResource(FallbackResourceManager.java:65) ~[FallbackResourceManager.class:?]
	at net.minecraft.client.resources.SimpleReloadableResourceManager.getResource(SimpleReloadableResourceManager.java:67) ~[SimpleReloadableResourceManager.class:?]
	at net.minecraft.client.renderer.texture.TextureMap.loadTextureAtlas(TextureMap.java:126) [TextureMap.class:?]
	at net.minecraft.client.renderer.texture.TextureMap.loadTexture(TextureMap.java:91) [TextureMap.class:?]
	at net.minecraft.client.renderer.texture.TextureManager.loadTexture(TextureManager.java:89) [TextureManager.class:?]
	at net.minecraft.client.renderer.texture.TextureManager.onResourceManagerReload(TextureManager.java:170) [TextureManager.class:?]
	at net.minecraft.client.resources.SimpleReloadableResourceManager.notifyReloadListeners(SimpleReloadableResourceManager.java:134) [SimpleReloadableResourceManager.class:?]
	at net.minecraft.client.resources.SimpleReloadableResourceManager.reloadResources(SimpleReloadableResourceManager.java:118) [SimpleReloadableResourceManager.class:?]
	at net.minecraft.client.Minecraft.refreshResources(Minecraft.java:643) [Minecraft.class:?]
	at cpw.mods.fml.client.FMLClientHandler.finishMinecraftLoading(FMLClientHandler.java:303) [FMLClientHandler.class:?]
	at net.minecraft.client.Minecraft.startGame(Minecraft.java:586) [Minecraft.class:?]
	at net.minecraft.client.Minecraft.run(Minecraft.java:931) [Minecraft.class:?]
	at net.minecraft.client.main.Main.main(Main.java:164) [Main.class:?]
	at sun.reflect.NativeMethodAccessorImpl.invoke0(Native Method) ~[?:1.8.0_31]
	at sun.reflect.NativeMethodAccessorImpl.invoke(Unknown Source) ~[?:1.8.0_31]
	at sun.reflect.DelegatingMethodAccessorImpl.invoke(Unknown Source) ~[?:1.8.0_31]
	at java.lang.reflect.Method.invoke(Unknown Source) ~[?:1.8.0_31]
	at net.minecraft.launchwrapper.Launch.launch(Launch.java:135) [launchwrapper-1.11.jar:?]
	at net.minecraft.launchwrapper.Launch.main(Launch.java:28) [launchwrapper-1.11.jar:?]
	at net.minecraftforge.gradle.GradleStartCommon.launch(Unknown Source) [start/:?]
	at GradleStart.main(Unknown Source) [start/:?]
[07:45:10] [Client thread/INFO]: Created: 256x256 textures/items-atlas
[07:45:11] [Sound Library Loader/INFO]: Sound engine started
[07:45:18] [Server thread/INFO]: Starting integrated minecraft server version 1.7.10
[07:45:18] [Server thread/INFO]: Generating keypair
[07:45:19] [Server thread/INFO]: Preparing start region for level 0
[07:45:19] [Server thread/INFO]: Changing view distance to 12, from 10
[07:45:20] [Server thread/INFO]: Player9[local:E:7b6bbef7] logged in with entity id 1 at (522.6461864217392, 1.0, -2148.7983196274913)
[07:45:20] [Server thread/INFO]: Player9 joined the game
[07:45:21] [Server thread/INFO]: Saving and pausing game...
[07:45:21] [Server thread/INFO]: Saving chunks for level 'Test World'/Overworld
[07:45:21] [Server thread/INFO]: Saving chunks for level 'Test World'/Nether
[07:45:21] [Server thread/INFO]: Saving chunks for level 'Test World'/The End
[07:45:32] [Client thread/INFO]: Stopping!
[07:45:32] [Server thread/INFO]: Stopping server
[07:45:32] [Server thread/INFO]: Saving players
[07:45:32] [Server thread/INFO]: Saving worlds
[07:45:32] [Server thread/INFO]: Saving chunks for level 'Test World'/Overworld
[07:45:32] [Server thread/INFO]: Saving chunks for level 'Test World'/Nether
[07:45:32] [Server thread/INFO]: Saving chunks for level 'Test World'/The End
